22:37:36 **** Incremental Build of configuration Release for project HMI_ECU ****
make all 
Building file: ../HMI_ECU.c
Invoking: AVR Compiler
avr-gcc -Wall -Os -fpack-struct -fshort-enums -ffunction-sections -fdata-sections -std=gnu99 -funsigned-char -funsigned-bitfields -mmcu=atmega32 -DF_CPU=8000000UL -MMD -MP -MF"HMI_ECU.d" -MT"HMI_ECU.o" -c -o "HMI_ECU.o" "../HMI_ECU.c"
Finished building: ../HMI_ECU.c
 
Building file: ../Timer1.c
Invoking: AVR Compiler
avr-gcc -Wall -Os -fpack-struct -fshort-enums -ffunction-sections -fdata-sections -std=gnu99 -funsigned-char -funsigned-bitfields -mmcu=atmega32 -DF_CPU=8000000UL -MMD -MP -MF"Timer1.d" -MT"Timer1.o" -c -o "Timer1.o" "../Timer1.c"
../Timer1.c: In function 'Timer1_setCallBack':
../Timer1.c:57: warning: function return types not compatible due to 'volatile'
Finished building: ../Timer1.c
 
Building target: HMI_ECU.elf
Invoking: AVR C Linker
avr-gcc -Wl,-Map,HMI_ECU.map -mmcu=atmega32 -o "HMI_ECU.elf"  ./HMI_ECU.o ./Timer1.o ./gpio.o ./keypad.o ./lcd.o ./uart.o   
Finished building target: HMI_ECU.elf
 
Invoking: AVR Create Extended Listing
avr-objdump -h -S HMI_ECU.elf  >"HMI_ECU.lss"
Finished building: HMI_ECU.lss
 
Create Flash image (ihex format)
avr-objcopy -R .eeprom -R .fuse -R .lock -R .signature -O ihex HMI_ECU.elf  "HMI_ECU.hex"
Finished building: HMI_ECU.hex
 
Create eeprom image (ihex format)
avr-objcopy -j .eeprom --no-change-warnings --change-section-lma .eeprom=0 -O ihex HMI_ECU.elf  "HMI_ECU.eep"
Finished building: HMI_ECU.eep
 
Invoking: Print Size
avr-size --format=avr --mcu=atmega32 HMI_ECU.elf
AVR Memory Usage
----------------
Device: atmega32

Program:    3524 bytes (10.8% Full)
(.text + .data + .bootloader)

Data:        266 bytes (13.0% Full)
(.data + .bss + .noinit)


Finished building: sizedummy
 

22:37:36 Build Finished. 0 errors, 1 warnings. (took 589ms)

